<?xml version="1.0" encoding="utf-8"?><testsuites name="pytest tests"><testsuite name="pytest" errors="0" failures="0" skipped="0" tests="19" time="64.513" timestamp="2026-07-02T16:51:09.886632+00:00" hostname="agent-env-a09dff2c-60ca-44d5-9d54-a4d139f5a48a"><testcase classname="backend.tests.backend_test.TestHealthAndMarketData" name="test_health" time="0.295" /><testcase classname="backend.tests.backend_test.TestHealthAndMarketData" name="test_candles" time="3.159" /><testcase classname="backend.tests.backend_test.TestHealthAndMarketData" name="test_ticker" time="2.630" /><testcase classname="backend.tests.backend_test.TestHealthAndMarketData" name="test_orderbook" time="2.800" /><testcase classname="backend.tests.backend_test.TestHealthAndMarketData" name="test_coins" time="3.829" /><testcase classname="backend.tests.backend_test.TestHealthAndMarketData" name="test_feargreed" time="0.086" /><testcase classname="backend.tests.backend_test.TestHealthAndMarketData" name="test_news" time="0.545" /><testcase classname="backend.tests.backend_test.TestAIAnalysis" name="test_ai_analysis_full_shape" time="16.739" /><testcase classname="backend.tests.backend_test.TestAIAnalysis" name="test_ai_chat_llm" time="9.063" /><testcase classname="backend.tests.backend_test.TestAIAnalysis" name="test_ai_chat_empty_message" time="0.081" /><testcase classname="backend.tests.backend_test.TestAIAnalysis" name="test_ai_deep_analysis" time="23.805" /><testcase classname="backend.tests.backend_test.TestDemoTrading" name="test_reset_portfolio" time="0.088" /><testcase classname="backend.tests.backend_test.TestDemoTrading" name="test_portfolio" time="0.083" /><testcase classname="backend.tests.backend_test.TestDemoTrading" name="test_positions_empty" time="0.163" /><testcase classname="backend.tests.backend_test.TestDemoTrading" name="test_trades_list" time="0.083" /><testcase classname="backend.tests.backend_test.TestDemoTrading" name="test_open_close_lifecycle" time="0.491" /><testcase classname="backend.tests.backend_test.TestFrontendPages" name="test_index" time="0.091" /><testcase classname="backend.tests.backend_test.TestFrontendPages" name="test_charts_page" time="0.090" /><testcase classname="backend.tests.backend_test.TestFrontendPages" name="test_analysis_page" time="0.102" /></testsuite></testsuites>